<?xml version="1.0" encoding="UTF-8"?>
<testng-results ignored="0" total="1" passed="1" failed="0" skipped="0">
  <reporter-output>
  </reporter-output>
  <suite started-at="2025-12-20T11:36:27 IST" name="Default suite" finished-at="2025-12-20T11:36:32 IST" duration-ms="4748">
    <groups>
    </groups>
    <test started-at="2025-12-20T11:36:27 IST" name="Default test" finished-at="2025-12-20T11:36:32 IST" duration-ms="4748">
      <class name="codeveritas.tests.E2E_pageobjecttest">
        <test-method is-config="true" signature="launchApplications()[pri:0, instance:codeveritas.tests.E2E_pageobjecttest@1bb5a082]" started-at="2025-12-20T11:36:27 IST" name="launchApplications" finished-at="2025-12-20T11:36:30 IST" duration-ms="3113" status="PASS">
          <reporter-output>
          </reporter-output>
        </test-method> <!-- launchApplications -->
        <test-method signature="E2ETest2()[pri:0, instance:codeveritas.tests.E2E_pageobjecttest@1bb5a082]" started-at="2025-12-20T11:36:30 IST" name="E2ETest2" finished-at="2025-12-20T11:36:32 IST" duration-ms="1285" status="PASS">
          <reporter-output>
          </reporter-output>
        </test-method> <!-- E2ETest2 -->
        <test-method is-config="true" signature="tearDown()[pri:0, instance:codeveritas.tests.E2E_pageobjecttest@1bb5a082]" started-at="2025-12-20T11:36:32 IST" name="tearDown" finished-at="2025-12-20T11:36:32 IST" duration-ms="298" status="PASS">
          <reporter-output>
          </reporter-output>
        </test-method> <!-- tearDown -->
      </class> <!-- codeveritas.tests.E2E_pageobjecttest -->
    </test> <!-- Default test -->
  </suite> <!-- Default suite -->
</testng-results>
